# JRE version: OpenJDK Runtime Environment (17.0.9) (build 17.0.9+0--11185874)
# Java VM: OpenJDK 64-Bit Server VM (17.0.9+0--11185874, mixed mode, tiered, compressed oops, compressed class ptrs, g1 gc, windows-amd64)
GC Precious Log:
 CPUs: 12 total, 12 available
 Memory: 16205M
 Large Page Support: Disabled
 NUMA Support: Disabled
 Compressed Oops: Enabled (32-bit)
 Heap Region Size: 1M
 Heap Min Capacity: 8M
 Heap Initial Capacity: 254M
 Heap Max Capacity: 2G
 Pre-touch: Disabled
 Parallel Workers: 10
 Concurrent Workers: 3
 Concurrent Refinement Workers: 10
 Periodic GC: Disabled
Heap:
 garbage-first heap   total 427008K, used 206762K [0x0000000080000000, 0x0000000100000000)
  region size 1024K, 20 young (20480K), 20 survivors (20480K)
 Metaspace       used 167235K, committed 168768K, reserved 1245184K
  class space    used 22388K, committed 23104K, reserved 1048576K
GC Heap History (20 events):
Event: 1324.651 GC heap after
{Heap after GC invocations=81 (full 0):
 garbage-first heap   total 410624K, used 182840K [0x0000000080000000, 0x0000000100000000)
  region size 1024K, 3 young (3072K), 3 survivors (3072K)
 Metaspace       used 161968K, committed 163200K, reserved 1245184K
  class space    used 21941K, committed 22528K, reserved 1048576K
}
Event: 1324.707 GC heap before
{Heap before GC invocations=81 (full 0):
 garbage-first heap   total 410624K, used 183864K [0x0000000080000000, 0x0000000100000000)
  region size 1024K, 5 young (5120K), 3 survivors (3072K)
 Metaspace       used 161984K, committed 163200K, reserved 1245184K
  class space    used 21941K, committed 22528K, reserved 1048576K
}
Event: 1324.709 GC heap after
{Heap after GC invocations=82 (full 0):
 garbage-first heap   total 410624K, used 182164K [0x0000000080000000, 0x0000000100000000)
  region size 1024K, 3 young (3072K), 3 survivors (3072K)
 Metaspace       used 161984K, committed 163200K, reserved 1245184K
  class space    used 21941K, committed 22528K, reserved 1048576K
}
Event: 1325.968 GC heap before
{Heap before GC invocations=83 (full 0):
 garbage-first heap   total 410624K, used 323476K [0x0000000080000000, 0x0000000100000000)
  region size 1024K, 140 young (143360K), 3 survivors (3072K)
 Metaspace       used 162693K, committed 163904K, reserved 1245184K
  class space    used 21966K, committed 22528K, reserved 1048576K
}
Event: 1325.982 GC heap after
{Heap after GC invocations=84 (full 0):
 garbage-first heap   total 410624K, used 196397K [0x0000000080000000, 0x0000000100000000)
  region size 1024K, 17 young (17408K), 17 survivors (17408K)
 Metaspace       used 162693K, committed 163904K, reserved 1245184K
  class space    used 21966K, committed 22528K, reserved 1048576K
}
Event: 1325.996 GC heap before
{Heap before GC invocations=84 (full 0):
 garbage-first heap   total 410624K, used 199469K [0x0000000080000000, 0x0000000100000000)
  region size 1024K, 20 young (20480K), 17 survivors (17408K)
 Metaspace       used 162715K, committed 163968K, reserved 1245184K
  class space    used 21966K, committed 22528K, reserved 1048576K
}
Event: 1326.016 GC heap after
{Heap after GC invocations=85 (full 0):
 garbage-first heap   total 410624K, used 194165K [0x0000000080000000, 0x0000000100000000)
  region size 1024K, 3 young (3072K), 3 survivors (3072K)
 Metaspace       used 162715K, committed 163968K, reserved 1245184K
  class space    used 21966K, committed 22528K, reserved 1048576K
}
Event: 1326.314 GC heap before
{Heap before GC invocations=85 (full 0):
 garbage-first heap   total 410624K, used 227957K [0x0000000080000000, 0x0000000100000000)
  region size 1024K, 38 young (38912K), 3 survivors (3072K)
 Metaspace       used 163121K, committed 164352K, reserved 1245184K
  class space    used 21966K, committed 22528K, reserved 1048576K
}
Event: 1326.317 GC heap after
{Heap after GC invocations=86 (full 0):
 garbage-first heap   total 410624K, used 194196K [0x0000000080000000, 0x0000000100000000)
  region size 1024K, 3 young (3072K), 3 survivors (3072K)
 Metaspace       used 163121K, committed 164352K, reserved 1245184K
  class space    used 21966K, committed 22528K, reserved 1048576K
}
Event: 1542.950 GC heap before
{Heap before GC invocations=87 (full 0):
 garbage-first heap   total 410624K, used 381588K [0x0000000080000000, 0x0000000100000000)
  region size 1024K, 136 young (139264K), 3 survivors (3072K)
 Metaspace       used 163622K, committed 164928K, reserved 1245184K
  class space    used 21996K, committed 22592K, reserved 1048576K
}
Event: 1542.958 GC heap after
{Heap after GC invocations=88 (full 0):
 garbage-first heap   total 410624K, used 203522K [0x0000000080000000, 0x0000000100000000)
  region size 1024K, 12 young (12288K), 12 survivors (12288K)
 Metaspace       used 163622K, committed 164928K, reserved 1245184K
  class space    used 21996K, committed 22592K, reserved 1048576K
}
Event: 1542.983 GC heap before
{Heap before GC invocations=88 (full 0):
 garbage-first heap   total 410624K, used 213762K [0x0000000080000000, 0x0000000100000000)
  region size 1024K, 20 young (20480K), 12 survivors (12288K)
 Metaspace       used 163625K, committed 164928K, reserved 1245184K
  class space    used 21996K, committed 22592K, reserved 1048576K
}
Event: 1542.994 GC heap after
{Heap after GC invocations=89 (full 0):
 garbage-first heap   total 410624K, used 200555K [0x0000000080000000, 0x0000000100000000)
  region size 1024K, 3 young (3072K), 3 survivors (3072K)
 Metaspace       used 163625K, committed 164928K, reserved 1245184K
  class space    used 21996K, committed 22592K, reserved 1048576K
}
Event: 1543.689 GC heap before
{Heap before GC invocations=89 (full 0):
 garbage-first heap   total 410624K, used 274283K [0x0000000080000000, 0x0000000100000000)
  region size 1024K, 77 young (78848K), 3 survivors (3072K)
 Metaspace       used 163918K, committed 165248K, reserved 1245184K
  class space    used 22007K, committed 22656K, reserved 1048576K
}
Event: 1543.696 GC heap after
{Heap after GC invocations=90 (full 0):
 garbage-first heap   total 410624K, used 208227K [0x0000000080000000, 0x0000000100000000)
  region size 1024K, 11 young (11264K), 11 survivors (11264K)
 Metaspace       used 163918K, committed 165248K, reserved 1245184K
  class space    used 22007K, committed 22656K, reserved 1048576K
}
Event: 6853.467 GC heap before
{Heap before GC invocations=91 (full 0):
 garbage-first heap   total 427008K, used 375139K [0x0000000080000000, 0x0000000100000000)
  region size 1024K, 132 young (135168K), 11 survivors (11264K)
 Metaspace       used 164830K, committed 166144K, reserved 1245184K
  class space    used 22113K, committed 22720K, reserved 1048576K
}
Event: 6853.511 GC heap after
{Heap after GC invocations=92 (full 0):
 garbage-first heap   total 427008K, used 206242K [0x0000000080000000, 0x0000000100000000)
  region size 1024K, 10 young (10240K), 10 survivors (10240K)
 Metaspace       used 164830K, committed 166144K, reserved 1245184K
  class space    used 22113K, committed 22720K, reserved 1048576K
}
Event: 6854.533 GC heap before
{Heap before GC invocations=92 (full 0):
 garbage-first heap   total 427008K, used 215458K [0x0000000080000000, 0x0000000100000000)
  region size 1024K, 20 young (20480K), 10 survivors (10240K)
 Metaspace       used 164945K, committed 166336K, reserved 1245184K
  class space    used 22133K, committed 22784K, reserved 1048576K
}
Event: 6854.577 GC heap after
{Heap after GC invocations=93 (full 0):
 garbage-first heap   total 427008K, used 190071K [0x0000000080000000, 0x0000000100000000)
  region size 1024K, 3 young (3072K), 3 survivors (3072K)
 Metaspace       used 164945K, committed 166336K, reserved 1245184K
  class space    used 22133K, committed 22784K, reserved 1048576K
}
Event: 6875.811 GC heap before
{Heap before GC invocations=93 (full 0):
 garbage-first heap   total 427008K, used 350839K [0x0000000080000000, 0x0000000100000000)
  region size 1024K, 161 young (164864K), 3 survivors (3072K)
 Metaspace       used 167235K, committed 168768K, reserved 1245184K
  class space    used 22388K, committed 23104K, reserved 1048576K
}

